=== Performance Metrics at 2025-02-09 23:32:14 ===
Operation: SaveChatMessage
Average: 448.00ms
Min: 448ms
Max: 448ms
Count: 1

=== Performance Metrics at 2025-02-09 23:32:20 ===
Operation: SaveChatMessage
Average: 227.50ms
Min: 7ms
Max: 448ms
Count: 2

=== Performance Metrics at 2025-02-09 23:32:28 ===
Operation: SaveChatMessage
Average: 153.00ms
Min: 4ms
Max: 448ms
Count: 3

=== Performance Metrics at 2025-02-09 23:32:37 ===
Operation: SaveChatMessage
Average: 115.75ms
Min: 4ms
Max: 448ms
Count: 4

